[LOG] FMOD_System_Create                       : Header version = 2.03.08. Current version = 2.03.08.
[LOG] system_create                            : Header version = 2.03.08. Current version = 2.03.08.
[LOG] Manager::init                            : maxchannels = 256 studioflags = 00000006 flags 00000000 extradriverdata 0000000000000000.
[LOG] SystemI::init                            : Initialize version=20308 (153137), maxchannels=256, flags=0x00020000
[LOG] SystemI::setOutputInternal               : Setting output to 'FMOD WASAPI Output'
[LOG] OutputWASAPI::init                       : Mix Format (WAVEFORMATEX): wFormatTag=0xFFFE, nChannels=2, nSamplesPerSec=48000, nAvgBytesPerSec=384000, nBlockAlign=8, wBitsPerSample=32, cbSize=22.
[LOG] OutputWASAPI::init                       : Mix Format (WAVEFORMATEXTENSIBLE): wValidBitsPerSample=32, dwChannelMask=0x00000003, SubFormat=00000003-0000-0010-8000-00AA00389B71.
[LOG] OutputWASAPI::init                       : Output buffer size: 2048 samples, latency: 0.00ms, period: 10.00ms, DSP buffer: 512 * 4
[LOG] Thread::initThread                       : Init FMOD stream thread. Affinity: 0x4000000000000003, Priority: 0xFFFF7FFB, Stack Size: 98304, Semaphore: No, Sleep Time: 10, Looping: Yes.
[LOG] SystemI::DSPCodecPoolRegister            : register codec pool for pool type 0
[LOG] Thread::initThread                       : Init FMOD mixer thread. Affinity: 0x4000000000000001, Priority: 0xFFFF7FFA, Stack Size: 81920, Semaphore: No, Sleep Time: 0, Looping: Yes.
[LOG] AsyncManager::init                       : manager 000002112D2D6658 isAsync 0 updatePeriod 0.02
[LOG] AsyncManager::init                       : done
[LOG] PlaybackSystem::init                     : 
[LOG] Thread::initThread                       : Init FMOD Studio sample load thread. Affinity: 0x4000000000000003, Priority: 0xFFFF7FFD, Stack Size: 98304, Semaphore: No, Sleep Time: 1, Looping: No.
[LOG] PlaybackSystem::init                     : done
[LOG] Thread::initThread                       : Init FMOD Studio bank load thread. Affinity: 0x4000000000000003, Priority: 0xFFFF7FFD, Stack Size: 98304, Semaphore: No, Sleep Time: 1, Looping: No.
[LOG] Manager::init                            : done.
[LOG] BankLoader::serializeBank                : fileversion = 146, compatVersion = 146 (oldest = 44, newest = 146)
[LOG] BankLoader::serializeBank                : fileversion = 146, compatVersion = 146 (oldest = 44, newest = 146)
[LOG] BankLoader::serializeBank                : fileversion = 146, compatVersion = 146 (oldest = 44, newest = 146)
[LOG] PlaybackSystem::acquireMasterBus         : Setting master channel group format to 6
[LOG] BankLoader::serializeBank                : fileversion = 146, compatVersion = 146 (oldest = 44, newest = 146)
[LOG] BusInstance::attachToOutputPort          : Could not connect output port {d4f65c82-a5d2-46a6-b289-f52a0e9f76ed}, routing directly to output.
[LOG] SystemI::createSoundInternal             : Create name='', mode=0x02000202
[LOG] SystemI::createSoundInternal             : exinfo->cbsize             = 224
[LOG] SystemI::createSoundInternal             : exinfo->length             = 1376
[LOG] SystemI::createSoundInternal             : exinfo->fileoffset         = 1568
[LOG] SystemI::createSoundInternal             : exinfo->numsubsounds       = 1
[LOG] SystemI::createSoundInternal             : exinfo->inclusionlist      = 000000DD7CD9F2B8
[LOG] SystemI::createSoundInternal             : exinfo->inclusionlistnum   = 1
[LOG] SystemI::createSoundInternal             : exinfo->suggestedsoundtype = 5
[LOG] SystemI::createSoundInternal             : exinfo->useropen           = 00007FFCB78FD480
[LOG] SystemI::createSoundInternal             : exinfo->userclose          = 00007FFCB78FD440
[LOG] SystemI::createSoundInternal             : exinfo->userread           = 00007FFCB78FD560
[LOG] SystemI::createSoundInternal             : exinfo->userseek           = 00007FFCB78FD620
[LOG] SystemI::createSoundInternal             : exinfo->fileuserdata       = 0000020F21E58878
[LOG] SystemI::createSoundInternal             : exinfo->initialseekpostype = 1
[LOG] SystemI::DSPCodecPoolRegister            : register codec pool for pool type 4
[LOG] SystemI::createSoundInternal             : Sample 0/1: name='464903__plasterbrain__arcade-ui-move-cursor', format=5, channels=2, frequency=48000, lengthbytes=1216, lengthpcm=3343, pcmblocksize=0, loopstart=0, loopend=0, mode=0x00000000, channelmask=0x00000000, channelorder=0, peakvolume=0.532593.
[LOG] BusInstance::attachToOutputPort          : Could not connect output port {d4f65c82-a5d2-46a6-b289-f52a0e9f76ed}, routing directly to output.
[LOG] BusInstance::attachToOutputPort          : Could not connect output port {d4f65c82-a5d2-46a6-b289-f52a0e9f76ed}, routing directly to output.
[LOG] BusInstance::attachToOutputPort          : Could not connect output port {d4f65c82-a5d2-46a6-b289-f52a0e9f76ed}, routing directly to output.
[LOG] SystemI::createSound                     : filename = Sounds/Build/Desktop/Master.bank : mode 02010082
[LOG] SystemI::createSound                     : FMOD_NONBLOCKING specified.  Putting into queue to be opened asynchronously!
[LOG] AsyncThread::getAsyncThread              : index = 0 / 5
[LOG] Thread::initThread                       : Init FMOD nonblocking thread (0). Affinity: 0x4000000000000003, Priority: 0xFFFF7FFC, Stack Size: 114688, Semaphore: Yes, Sleep Time: 0, Looping: Yes.
[LOG] AsyncThread::add                         : add sound to async queue : soundi = 0000020F246ABC88, queue head = 0000020F246ABC48, queue count = 0
[LOG] AsyncThread::threadFunc                  : Starting Asynchronous operation on sound 0000020F246ABC88
[LOG] SystemI::createSoundInternal             :     Create name='Sounds/Build/Desktop/Master.bank', mode=0x02010082
[LOG] SystemI::createSoundInternal             :     exinfo->cbsize             = 224
[LOG] SystemI::createSoundInternal             :     exinfo->length             = 163648
[LOG] SystemI::createSoundInternal             :     exinfo->fileoffset         = 6368
[LOG] SystemI::createSoundInternal             :     exinfo->numsubsounds       = 1
[LOG] SystemI::createSoundInternal             :     exinfo->inclusionlist      = 000002112D0665F8
[LOG] SystemI::createSoundInternal             :     exinfo->inclusionlistnum   = 1
[LOG] SystemI::createSoundInternal             :     exinfo->suggestedsoundtype = 5
[LOG] SystemI::createSoundInternal             :     exinfo->initialseekposition = 4500
[LOG] SystemI::createSoundInternal             :     exinfo->initialseekpostype = 1
[LOG] SystemI::createSoundInternal             :     Stream 0/1: name='Healer Boost', format=5, channels=2, frequency=48000, lengthbytes=105120, lengthpcm=528000, pcmblocksize=0, loopstart=0, loopend=0, mode=0x00000000, channelmask=0x00000000, channelorder=0, peakvolume=0.085785.
[LOG] Thread::initThread                       :     Init FMOD file thread. Affinity: 0x4000000000000003, Priority: 0xFFFF7FFC, Stack Size: 65536, Semaphore: No, Sleep Time: 10, Looping: Yes.
[LOG] AsyncThread::threadFunc                  : Finished Asynchronous operation on sound 0000020F246ABC88
[LOG] SystemI::createSoundInternal             : Create name='', mode=0x02000202
[LOG] SystemI::createSoundInternal             : exinfo->cbsize             = 224
[LOG] SystemI::createSoundInternal             : exinfo->length             = 163648
[LOG] SystemI::createSoundInternal             : exinfo->fileoffset         = 6368
[LOG] SystemI::createSoundInternal             : exinfo->numsubsounds       = 1
[LOG] SystemI::createSoundInternal             : exinfo->inclusionlist      = 000000DD7CD9F2B8
[LOG] SystemI::createSoundInternal             : exinfo->inclusionlistnum   = 1
[LOG] SystemI::createSoundInternal             : exinfo->suggestedsoundtype = 5
[LOG] SystemI::createSoundInternal             : exinfo->useropen           = 00007FFCB78FD480
[LOG] SystemI::createSoundInternal             : exinfo->userclose          = 00007FFCB78FD440
[LOG] SystemI::createSoundInternal             : exinfo->userread           = 00007FFCB78FD560
[LOG] SystemI::createSoundInternal             : exinfo->userseek           = 00007FFCB78FD620
[LOG] SystemI::createSoundInternal             : exinfo->fileuserdata       = 0000020FD6FB0A08
[LOG] SystemI::createSoundInternal             : exinfo->initialseekpostype = 1
[LOG] SystemI::DSPCodecPoolRegister            : register codec pool for pool type 4
[LOG] SystemI::createSoundInternal             : Sample 0/1: name='562292__colorscrimsontears__heal-rpg', format=5, channels=2, frequency=48000, lengthbytes=14496, lengthpcm=59184, pcmblocksize=0, loopstart=0, loopend=0, mode=0x00000000, channelmask=0x00000000, channelorder=0, peakvolume=0.531738.
[LOG] BusInstance::attachToOutputPort          : Could not connect output port {d4f65c82-a5d2-46a6-b289-f52a0e9f76ed}, routing directly to output.
[LOG] BusInstance::attachToOutputPort          : Could not connect output port {d4f65c82-a5d2-46a6-b289-f52a0e9f76ed}, routing directly to output.
[LOG] AsyncThread::threadFunc                  : Starting Asynchronous operation on sound 0000020F22FACC18
[LOG] AsyncThread::threadFunc                  : Finished Asynchronous operation on sound 0000020F22FACC18
[LOG] BusInstance::attachToOutputPort          : Could not connect output port {d4f65c82-a5d2-46a6-b289-f52a0e9f76ed}, routing directly to output.
[LOG] BusInstance::attachToOutputPort          : Could not connect output port {d4f65c82-a5d2-46a6-b289-f52a0e9f76ed}, routing directly to output.
[LOG] AsyncThread::threadFunc                  : Starting Asynchronous operation on sound 0000020F22FACC18
[LOG] AsyncThread::threadFunc                  : Finished Asynchronous operation on sound 0000020F22FACC18
[LOG] SoundI::release                          : Healer Boost (0000020F246ABC88)
[LOG] SoundI::release                          :     Healer Boost (0000020F74462AE8)
[LOG] SoundI::release                          :     Healer Boost (0000020F22FACC18)
[LOG] BusInstance::attachToOutputPort          : Could not connect output port {d4f65c82-a5d2-46a6-b289-f52a0e9f76ed}, routing directly to output.
[LOG] BusInstance::attachToOutputPort          : Could not connect output port {d4f65c82-a5d2-46a6-b289-f52a0e9f76ed}, routing directly to output.
[LOG] BusInstance::attachToOutputPort          : Could not connect output port {d4f65c82-a5d2-46a6-b289-f52a0e9f76ed}, routing directly to output.
[LOG] SoundI::release                          :  (000002112D0659B8)
[LOG] SoundI::release                          :     562292__colorscrimsontears__heal-rpg (000002112BA399D8)
[LOG] SoundI::release                          :  (0000020EDA2FF998)
[LOG] SoundI::release                          :     464903__plasterbrain__arcade-ui-move-cursor (0000020D9001D158)
[LOG] Thread::callback                         : FMOD Studio update thread finished.
[LOG] Thread::callback                         : FMOD Studio bank load thread finished.
[LOG] Profile::disconnectAll                   : Profiler disconnecting all clients
[LOG] Thread::callback                         : FMOD Studio sample load thread finished.
[LOG] LiveUpdate::release                      : 
[LOG] LiveUpdate::reset                        : Reset connection (reason Disconnected)
[LOG] Thread::callback                         : FMOD stream thread finished.
[LOG] Thread::callback                         : FMOD mixer thread finished.
[LOG] Profile::disconnectAll                   : Profiler disconnecting all clients
[LOG] SystemI::closeInternal                   : Closed.
[LOG] Thread::callback                         : FMOD Studio bank load thread finished.
[LOG] Thread::callback                         : FMOD Studio sample load thread finished.
[LOG] LiveUpdate::release                      : 
[LOG] LiveUpdate::reset                        : Reset connection (reason Disconnected)
[LOG] Thread::callback                         : FMOD stream thread finished.
[LOG] Thread::callback                         : FMOD mixer thread finished.
[LOG] SystemI::closeInternal                   : Closed.
[LOG] Thread::callback                         : FMOD nonblocking thread (0) finished.
[LOG] Thread::callback                         : FMOD file thread finished.
